<?xml version="1.0" encoding="UTF-8"?>
<testsuite name="co.com.globant.opencart.test.runners.AddListProductRunner" tests="0" skipped="0" failures="0" errors="0" timestamp="1970-01-01T00:00:00" hostname="SQAMED-92711" time="0.0">
  <properties/>
  <system-out><![CDATA[]]></system-out>
  <system-err><![CDATA[[Test worker] INFO io.cucumber.core.plugin.SerenityReporter - Running feature from file:///C:/Users/pcc/Downloads/globant/proyecto/OpenCartProyect/src/test/resources/features/add_list_product.feature
[Test worker] INFO  - ?[96m

-------------------------------------------------------------------------------------
     _______. _______ .______       _______ .__   __.  __  .___________.____    ____ 
    /       ||   ____||   _  \     |   ____||  \ |  | |  | |           |\   \  /   / 
   |   (----`|  |__   |  |_)  |    |  |__   |   \|  | |  | `---|  |----` \   \/   /  
    \   \    |   __|  |      /     |   __|  |  . `  | |  |     |  |       \_    _/   
.----)   |   |  |____ |  |\  \----.|  |____ |  |\   | |  |     |  |         |  |     
|_______/    |_______|| _| `._____||_______||__| \__| |__|     |__|         |__|    
                                                                                     
 News and tutorials at http://www.serenity-bdd.info                                  
 Documentation at https://wakaleo.gitbooks.io/the-serenity-book/content/             
 Join the Serenity Community on Gitter: https://gitter.im/serenity-bdd/serenity-core 
 Serenity BDD Support and Training at http://serenity-bdd.info/#/trainingandsupport  
-------------------------------------------------------------------------------------
?[0m
[Test worker] INFO  - Test Suite Started: Add product in the cart
[Test worker] INFO io.cucumber.core.plugin.SerenityReporter - Running feature from file:///C:/Users/pcc/Downloads/globant/proyecto/OpenCartProyect/src/test/resources/features/add_list_product.feature
[Test worker] INFO  - Test Suite Started: Add product in the cart
[pool-2-thread-1] INFO serenity.reporting - 
-----------------------------
| TEST NAME:   ?[1mAdds a product?[0m
| RESULT:      ?[92mPassing?[0m
| REQUIREMENT: Add product in the cart
| REPORT:      ?[96mfile:///C:/Users/pcc/Downloads/globant/proyecto/OpenCartProyect/target/site/serenity/208e082e12c260fea26875fbdca46e9937ee76c5a6df2c1b254ad7f935a6023c.html?[0m
-----------------------------
]]></system-err>
</testsuite>
