<?xml version="1.0" encoding="UTF-8"?>
<testsuite name="co.com.globant.opencart.test.runners.GuestCheckoutRunner" tests="0" skipped="0" failures="0" errors="0" timestamp="1970-01-01T00:00:00" hostname="SQAMED-92711" time="0.0">
  <properties/>
  <system-out><![CDATA[]]></system-out>
  <system-err><![CDATA[[Test worker] INFO io.cucumber.core.plugin.SerenityReporter - Running feature from file:///C:/Users/pcc/Downloads/globant/proyecto/OpenCartProyect/src/test/resources/features/guest_checkout.feature
[Test worker] INFO  - Test Suite Started: Add product in the cart
[Test worker] INFO io.cucumber.core.plugin.SerenityReporter - Running feature from file:///C:/Users/pcc/Downloads/globant/proyecto/OpenCartProyect/src/test/resources/features/guest_checkout.feature
[Test worker] INFO  - Test Suite Started: Add product in the cart
[pool-4-thread-1] INFO serenity.reporting - 
-------------------------
| TEST NAME:   ?[1mFill Guest?[0m
| RESULT:      ?[92mPassing?[0m
| REQUIREMENT: Add product in the cart
| REPORT:      ?[96mfile:///C:/Users/pcc/Downloads/globant/proyecto/OpenCartProyect/target/site/serenity/1d350f8990d8589c9257a95a9865bdf9e43647a58a9ba72ba2b1699956fa2395.html?[0m
-------------------------
]]></system-err>
</testsuite>
